<?xml version="1.0" encoding="UTF-8"?>
<testng-results skipped="0" failed="0" total="1" passed="1">
  <reporter-output>
  </reporter-output>
  <suite name="Default suite" duration-ms="42" started-at="2021-04-08T13:51:35Z" finished-at="2021-04-08T13:51:35Z">
    <groups>
    </groups>
    <test name="Default test" duration-ms="42" started-at="2021-04-08T13:51:35Z" finished-at="2021-04-08T13:51:35Z">
      <class name="Seleniumexcercise.Hello2">
        <test-method status="PASS" signature="hello()[pri:0, instance:Seleniumexcercise.Hello2@647e447]" name="hello" duration-ms="21" started-at="2021-04-08T19:21:35Z" finished-at="2021-04-08T19:21:35Z">
          <reporter-output>
          </reporter-output>
        </test-method> <!-- hello -->
      </class> <!-- Seleniumexcercise.Hello2 -->
    </test> <!-- Default test -->
  </suite> <!-- Default suite -->
</testng-results>
